<?xml version="1.0" encoding="UTF-8"?>
<!-- Generated by org.testng.reporters.JUnitReportReporter -->
<testsuite skipped="0" hostname="RAJESH-PC" name="Login" tests="1" failures="0" timestamp="28 Jan 2018 07:47:11 GMT" time="4.521" errors="0">
  <testcase name="testLogin" time="4.521" classname="Login"/>
</testsuite> <!-- Login -->
