<?xml version="1.0" encoding="UTF-8"?>
<!-- Generated by org.testng.reporters.JUnitReportReporter -->
<testsuite skipped="0" hostname="RAJESH-PC" name="Login.Login" tests="1" failures="0" timestamp="02 Feb 2018 17:45:42 GMT" time="3.962" errors="0">
  <testcase name="testLogin" time="3.962" classname="Login.Login"/>
</testsuite> <!-- Login.Login -->
